# JRE version: OpenJDK Runtime Environment Temurin-17.0.4.1+1 (17.0.4.1+1) (build 17.0.4.1+1)
# Java VM: OpenJDK 64-Bit Server VM Temurin-17.0.4.1+1 (17.0.4.1+1, mixed mode, emulated-client, tiered, compressed oops, compressed class ptrs, g1 gc, windows-amd64)
GC Precious Log:
 CPUs: 16 total, 16 available
 Memory: 14204M
 Large Page Support: Disabled
 NUMA Support: Disabled
 Compressed Oops: Enabled (Zero based)
 Heap Region Size: 2M
 Heap Min Capacity: 8M
 Heap Initial Capacity: 222M
 Heap Max Capacity: 3552M
 Pre-touch: Disabled
 Parallel Workers: 13
 Concurrent Workers: 3
 Concurrent Refinement Workers: 13
 Periodic GC: Disabled
Heap:
 garbage-first heap   total 96256K, used 31936K [0x0000000722000000, 0x0000000800000000)
  region size 2048K, 1 young (2048K), 0 survivors (0K)
 Metaspace       used 47211K, committed 47552K, reserved 1097728K
  class space    used 6454K, committed 6592K, reserved 1048576K
GC Heap History (20 events):
Event: 441080.294 GC heap before
{Heap before GC invocations=21288 (full 21256):
 garbage-first heap   total 96256K, used 31936K [0x0000000722000000, 0x0000000800000000)
  region size 2048K, 1 young (2048K), 0 survivors (0K)
 Metaspace       used 47211K, committed 47552K, reserved 1097728K
  class space    used 6454K, committed 6592K, reserved 1048576K
}
Event: 441080.321 GC heap after
{Heap after GC invocations=21289 (full 21257):
 garbage-first heap   total 96256K, used 31936K [0x0000000722000000, 0x0000000800000000)
  region size 2048K, 0 young (0K), 0 survivors (0K)
 Metaspace       used 47211K, committed 47552K, reserved 1097728K
  class space    used 6454K, committed 6592K, reserved 1048576K
}
Event: 441090.542 GC heap before
{Heap before GC invocations=21289 (full 21257):
 garbage-first heap   total 96256K, used 31936K [0x0000000722000000, 0x0000000800000000)
  region size 2048K, 1 young (2048K), 0 survivors (0K)
 Metaspace       used 47211K, committed 47552K, reserved 1097728K
  class space    used 6454K, committed 6592K, reserved 1048576K
}
Event: 441090.571 GC heap after
{Heap after GC invocations=21290 (full 21258):
 garbage-first heap   total 96256K, used 31936K [0x0000000722000000, 0x0000000800000000)
  region size 2048K, 0 young (0K), 0 survivors (0K)
 Metaspace       used 47211K, committed 47552K, reserved 1097728K
  class space    used 6454K, committed 6592K, reserved 1048576K
}
Event: 441100.751 GC heap before
{Heap before GC invocations=21290 (full 21258):
 garbage-first heap   total 96256K, used 31936K [0x0000000722000000, 0x0000000800000000)
  region size 2048K, 1 young (2048K), 0 survivors (0K)
 Metaspace       used 47211K, committed 47552K, reserved 1097728K
  class space    used 6454K, committed 6592K, reserved 1048576K
}
Event: 441100.776 GC heap after
{Heap after GC invocations=21291 (full 21259):
 garbage-first heap   total 96256K, used 31936K [0x0000000722000000, 0x0000000800000000)
  region size 2048K, 0 young (0K), 0 survivors (0K)
 Metaspace       used 47211K, committed 47552K, reserved 1097728K
  class space    used 6454K, committed 6592K, reserved 1048576K
}
Event: 441110.980 GC heap before
{Heap before GC invocations=21291 (full 21259):
 garbage-first heap   total 96256K, used 31936K [0x0000000722000000, 0x0000000800000000)
  region size 2048K, 1 young (2048K), 0 survivors (0K)
 Metaspace       used 47211K, committed 47552K, reserved 1097728K
  class space    used 6454K, committed 6592K, reserved 1048576K
}
Event: 441111.009 GC heap after
{Heap after GC invocations=21292 (full 21260):
 garbage-first heap   total 96256K, used 31936K [0x0000000722000000, 0x0000000800000000)
  region size 2048K, 0 young (0K), 0 survivors (0K)
 Metaspace       used 47211K, committed 47552K, reserved 1097728K
  class space    used 6454K, committed 6592K, reserved 1048576K
}
Event: 441121.228 GC heap before
{Heap before GC invocations=21292 (full 21260):
 garbage-first heap   total 96256K, used 31936K [0x0000000722000000, 0x0000000800000000)
  region size 2048K, 1 young (2048K), 0 survivors (0K)
 Metaspace       used 47211K, committed 47552K, reserved 1097728K
  class space    used 6454K, committed 6592K, reserved 1048576K
}
Event: 441121.256 GC heap after
{Heap after GC invocations=21293 (full 21261):
 garbage-first heap   total 96256K, used 31936K [0x0000000722000000, 0x0000000800000000)
  region size 2048K, 0 young (0K), 0 survivors (0K)
 Metaspace       used 47211K, committed 47552K, reserved 1097728K
  class space    used 6454K, committed 6592K, reserved 1048576K
}
Event: 441131.438 GC heap before
{Heap before GC invocations=21293 (full 21261):
 garbage-first heap   total 96256K, used 31936K [0x0000000722000000, 0x0000000800000000)
  region size 2048K, 1 young (2048K), 0 survivors (0K)
 Metaspace       used 47211K, committed 47552K, reserved 1097728K
  class space    used 6454K, committed 6592K, reserved 1048576K
}
Event: 441131.463 GC heap after
{Heap after GC invocations=21294 (full 21262):
 garbage-first heap   total 96256K, used 31936K [0x0000000722000000, 0x0000000800000000)
  region size 2048K, 0 young (0K), 0 survivors (0K)
 Metaspace       used 47211K, committed 47552K, reserved 1097728K
  class space    used 6454K, committed 6592K, reserved 1048576K
}
Event: 441141.631 GC heap before
{Heap before GC invocations=21294 (full 21262):
 garbage-first heap   total 96256K, used 31936K [0x0000000722000000, 0x0000000800000000)
  region size 2048K, 1 young (2048K), 0 survivors (0K)
 Metaspace       used 47211K, committed 47552K, reserved 1097728K
  class space    used 6454K, committed 6592K, reserved 1048576K
}
Event: 441141.655 GC heap after
{Heap after GC invocations=21295 (full 21263):
 garbage-first heap   total 96256K, used 31936K [0x0000000722000000, 0x0000000800000000)
  region size 2048K, 0 young (0K), 0 survivors (0K)
 Metaspace       used 47211K, committed 47552K, reserved 1097728K
  class space    used 6454K, committed 6592K, reserved 1048576K
}
Event: 441151.841 GC heap before
{Heap before GC invocations=21295 (full 21263):
 garbage-first heap   total 96256K, used 31936K [0x0000000722000000, 0x0000000800000000)
  region size 2048K, 1 young (2048K), 0 survivors (0K)
 Metaspace       used 47211K, committed 47552K, reserved 1097728K
  class space    used 6454K, committed 6592K, reserved 1048576K
}
Event: 441151.867 GC heap after
{Heap after GC invocations=21296 (full 21264):
 garbage-first heap   total 96256K, used 31936K [0x0000000722000000, 0x0000000800000000)
  region size 2048K, 0 young (0K), 0 survivors (0K)
 Metaspace       used 47211K, committed 47552K, reserved 1097728K
  class space    used 6454K, committed 6592K, reserved 1048576K
}
Event: 441162.092 GC heap before
{Heap before GC invocations=21296 (full 21264):
 garbage-first heap   total 96256K, used 31936K [0x0000000722000000, 0x0000000800000000)
  region size 2048K, 1 young (2048K), 0 survivors (0K)
 Metaspace       used 47211K, committed 47552K, reserved 1097728K
  class space    used 6454K, committed 6592K, reserved 1048576K
}
Event: 441162.122 GC heap after
{Heap after GC invocations=21297 (full 21265):
 garbage-first heap   total 96256K, used 31936K [0x0000000722000000, 0x0000000800000000)
  region size 2048K, 0 young (0K), 0 survivors (0K)
 Metaspace       used 47211K, committed 47552K, reserved 1097728K
  class space    used 6454K, committed 6592K, reserved 1048576K
}
Event: 441172.326 GC heap before
{Heap before GC invocations=21297 (full 21265):
 garbage-first heap   total 96256K, used 31936K [0x0000000722000000, 0x0000000800000000)
  region size 2048K, 1 young (2048K), 0 survivors (0K)
 Metaspace       used 47211K, committed 47552K, reserved 1097728K
  class space    used 6454K, committed 6592K, reserved 1048576K
}
Event: 441172.356 GC heap after
{Heap after GC invocations=21298 (full 21266):
 garbage-first heap   total 96256K, used 31936K [0x0000000722000000, 0x0000000800000000)
  region size 2048K, 0 young (0K), 0 survivors (0K)
 Metaspace       used 47211K, committed 47552K, reserved 1097728K
  class space    used 6454K, committed 6592K, reserved 1048576K
}

